==886== Memcheck, a memory error detector
==886== Copyright (C) 2002-2017, and GNU GPL'd, by Julian Seward et al.
==886== Using Valgrind-3.13.0 and LibVEX; rerun with -h for copyright info
==886== Command: ./a.out
==886== Parent PID: 227
==886== 
--886-- 
--886-- Valgrind options:
--886--    --leak-check=full
--886--    --log-file=logfile2.out
--886--    -v
--886-- Contents of /proc/version:
--886--   Linux version 4.4.0-18362-Microsoft (Microsoft@Microsoft.com) (gcc version 5.4.0 (GCC) ) #476-Microsoft Fri Nov 01 16:53:00 PST 2019
--886-- 
--886-- Arch and hwcaps: AMD64, LittleEndian, amd64-cx16-lzcnt-rdtscp-sse3-avx-avx2-bmi
--886-- Page sizes: currently 4096, max supported 4096
--886-- Valgrind library directory: /usr/lib/valgrind
--886-- Reading syms from /mnt/c/Users/Adeessh Acharya/Documents/program_files/c/apss/new/Large-Integer-C-library-using-Strings/a.out
--886-- Reading syms from /lib/x86_64-linux-gnu/ld-2.27.so
--886--   Considering /lib/x86_64-linux-gnu/ld-2.27.so ..
--886--   .. CRC mismatch (computed 1b7c895e wanted 2943108a)
--886--   Considering /usr/lib/debug/lib/x86_64-linux-gnu/ld-2.27.so ..
--886--   .. CRC is valid
--886-- Reading syms from /usr/lib/valgrind/memcheck-amd64-linux
--886--   Considering /usr/lib/valgrind/memcheck-amd64-linux ..
--886--   .. CRC mismatch (computed 41ddb025 wanted 9972f546)
--886--    object doesn't have a symbol table
--886--    object doesn't have a dynamic symbol table
--886-- Scheduler: using generic scheduler lock implementation.
--886-- Reading suppressions file: /usr/lib/valgrind/default.supp
==886== embedded gdbserver: reading from /tmp/vgdb-pipe-from-vgdb-to-886-by-roy-on-???
==886== embedded gdbserver: writing to   /tmp/vgdb-pipe-to-vgdb-from-886-by-roy-on-???
==886== embedded gdbserver: shared mem   /tmp/vgdb-pipe-shared-mem-vgdb-886-by-roy-on-???
==886== 
==886== TO CONTROL THIS PROCESS USING vgdb (which you probably
==886== don't want to do, unless you know exactly what you're doing,
==886== or are doing some strange experiment):
==886==   /usr/lib/valgrind/../../bin/vgdb --pid=886 ...command...
==886== 
==886== TO DEBUG THIS PROCESS USING GDB: start GDB like this
==886==   /path/to/gdb ./a.out
==886== and then give GDB the following command
==886==   target remote | /usr/lib/valgrind/../../bin/vgdb --pid=886
==886== --pid is optional if only one valgrind process is running
==886== 
==886== error calling PR_SET_PTRACER, vgdb might block
--886-- REDIR: 0x401f2f0 (ld-linux-x86-64.so.2:strlen) redirected to 0x580608c1 (???)
--886-- REDIR: 0x401f0d0 (ld-linux-x86-64.so.2:index) redirected to 0x580608db (???)
--886-- Reading syms from /usr/lib/valgrind/vgpreload_core-amd64-linux.so
--886--   Considering /usr/lib/valgrind/vgpreload_core-amd64-linux.so ..
--886--   .. CRC mismatch (computed 50df1b30 wanted 4800a4cf)
--886--    object doesn't have a symbol table
--886-- Reading syms from /usr/lib/valgrind/vgpreload_memcheck-amd64-linux.so
--886--   Considering /usr/lib/valgrind/vgpreload_memcheck-amd64-linux.so ..
--886--   .. CRC mismatch (computed f893b962 wanted 95ee359e)
--886--    object doesn't have a symbol table
==886== WARNING: new redirection conflicts with existing -- ignoring it
--886--     old: 0x0401f2f0 (strlen              ) R-> (0000.0) 0x580608c1 ???
--886--     new: 0x0401f2f0 (strlen              ) R-> (2007.0) 0x04c32db0 strlen
--886-- REDIR: 0x401d360 (ld-linux-x86-64.so.2:strcmp) redirected to 0x4c33ee0 (strcmp)
--886-- REDIR: 0x401f830 (ld-linux-x86-64.so.2:mempcpy) redirected to 0x4c374f0 (mempcpy)
--886-- Reading syms from /lib/x86_64-linux-gnu/libc-2.27.so
--886--   Considering /lib/x86_64-linux-gnu/libc-2.27.so ..
--886--   .. CRC mismatch (computed b1c74187 wanted 042cc048)
--886--   Considering /usr/lib/debug/lib/x86_64-linux-gnu/libc-2.27.so ..
--886--   .. CRC is valid
--886-- REDIR: 0x4edac70 (libc.so.6:memmove) redirected to 0x4a2a6e0 (_vgnU_ifunc_wrapper)
--886-- REDIR: 0x4ed9d40 (libc.so.6:strncpy) redirected to 0x4a2a6e0 (_vgnU_ifunc_wrapper)
--886-- REDIR: 0x4edaf50 (libc.so.6:strcasecmp) redirected to 0x4a2a6e0 (_vgnU_ifunc_wrapper)
--886-- REDIR: 0x4ed9790 (libc.so.6:strcat) redirected to 0x4a2a6e0 (_vgnU_ifunc_wrapper)
--886-- REDIR: 0x4ed9d70 (libc.so.6:rindex) redirected to 0x4a2a6e0 (_vgnU_ifunc_wrapper)
--886-- REDIR: 0x4edc7c0 (libc.so.6:rawmemchr) redirected to 0x4a2a6e0 (_vgnU_ifunc_wrapper)
--886-- REDIR: 0x4edade0 (libc.so.6:mempcpy) redirected to 0x4a2a6e0 (_vgnU_ifunc_wrapper)
--886-- REDIR: 0x4edac10 (libc.so.6:bcmp) redirected to 0x4a2a6e0 (_vgnU_ifunc_wrapper)
--886-- REDIR: 0x4ed9d00 (libc.so.6:strncmp) redirected to 0x4a2a6e0 (_vgnU_ifunc_wrapper)
--886-- REDIR: 0x4ed9800 (libc.so.6:strcmp) redirected to 0x4a2a6e0 (_vgnU_ifunc_wrapper)
--886-- REDIR: 0x4edad40 (libc.so.6:memset) redirected to 0x4a2a6e0 (_vgnU_ifunc_wrapper)
--886-- REDIR: 0x4ef80f0 (libc.so.6:wcschr) redirected to 0x4a2a6e0 (_vgnU_ifunc_wrapper)
--886-- REDIR: 0x4ed9ca0 (libc.so.6:strnlen) redirected to 0x4a2a6e0 (_vgnU_ifunc_wrapper)
--886-- REDIR: 0x4ed9870 (libc.so.6:strcspn) redirected to 0x4a2a6e0 (_vgnU_ifunc_wrapper)
--886-- REDIR: 0x4edafa0 (libc.so.6:strncasecmp) redirected to 0x4a2a6e0 (_vgnU_ifunc_wrapper)
--886-- REDIR: 0x4ed9840 (libc.so.6:strcpy) redirected to 0x4a2a6e0 (_vgnU_ifunc_wrapper)
--886-- REDIR: 0x4edb0e0 (libc.so.6:memcpy@@GLIBC_2.14) redirected to 0x4a2a6e0 (_vgnU_ifunc_wrapper)
--886-- REDIR: 0x4ed9da0 (libc.so.6:strpbrk) redirected to 0x4a2a6e0 (_vgnU_ifunc_wrapper)
--886-- REDIR: 0x4ed97c0 (libc.so.6:index) redirected to 0x4a2a6e0 (_vgnU_ifunc_wrapper)
--886-- REDIR: 0x4ed9c70 (libc.so.6:strlen) redirected to 0x4a2a6e0 (_vgnU_ifunc_wrapper)
--886-- REDIR: 0x4ee46c0 (libc.so.6:memrchr) redirected to 0x4a2a6e0 (_vgnU_ifunc_wrapper)
--886-- REDIR: 0x4edaff0 (libc.so.6:strcasecmp_l) redirected to 0x4a2a6e0 (_vgnU_ifunc_wrapper)
--886-- REDIR: 0x4edabe0 (libc.so.6:memchr) redirected to 0x4a2a6e0 (_vgnU_ifunc_wrapper)
--886-- REDIR: 0x4ef8eb0 (libc.so.6:wcslen) redirected to 0x4a2a6e0 (_vgnU_ifunc_wrapper)
--886-- REDIR: 0x4eda050 (libc.so.6:strspn) redirected to 0x4a2a6e0 (_vgnU_ifunc_wrapper)
--886-- REDIR: 0x4edaf20 (libc.so.6:stpncpy) redirected to 0x4a2a6e0 (_vgnU_ifunc_wrapper)
--886-- REDIR: 0x4edaef0 (libc.so.6:stpcpy) redirected to 0x4a2a6e0 (_vgnU_ifunc_wrapper)
--886-- REDIR: 0x4edc7f0 (libc.so.6:strchrnul) redirected to 0x4a2a6e0 (_vgnU_ifunc_wrapper)
--886-- REDIR: 0x4edb040 (libc.so.6:strncasecmp_l) redirected to 0x4a2a6e0 (_vgnU_ifunc_wrapper)
--886-- REDIR: 0x4fca3c0 (libc.so.6:__strrchr_avx2) redirected to 0x4c32730 (rindex)
--886-- REDIR: 0x4ed3070 (libc.so.6:malloc) redirected to 0x4c2faa0 (malloc)
--886-- REDIR: 0x4fca590 (libc.so.6:__strlen_avx2) redirected to 0x4c32cf0 (strlen)
--886-- REDIR: 0x4fa5d60 (libc.so.6:__strcmp_ssse3) redirected to 0x4c33da0 (strcmp)
--886-- REDIR: 0x4ed3950 (libc.so.6:free) redirected to 0x4c30cd0 (free)
--886-- REDIR: 0x4fcaab0 (libc.so.6:__mempcpy_avx_unaligned_erms) redirected to 0x4c37130 (mempcpy)
--886-- REDIR: 0x4fb7950 (libc.so.6:__strcpy_ssse3) redirected to 0x4c32dd0 (strcpy)
--886-- REDIR: 0x4eed9e0 (libc.so.6:__strcat_ssse3) redirected to 0x4c32990 (strcat)
==886== Invalid read of size 1
==886==    at 0x10A1CA: subString (PES1201700959.c:38)
==886==    by 0x10B249: intal_mod (PES1201700959.c:346)
==886==    by 0x10B896: intal_gcd (PES1201700959.c:461)
==886==    by 0x109A36: main (intal_sampletest_2.c:547)
==886==  Address 0x59457b9 is 0 bytes after a block of size 1,001 alloc'd
==886==    at 0x4C2FB0F: malloc (in /usr/lib/valgrind/vgpreload_memcheck-amd64-linux.so)
==886==    by 0x10B830: intal_gcd (PES1201700959.c:454)
==886==    by 0x109A36: main (intal_sampletest_2.c:547)
==886== 
==886== Invalid write of size 1
==886==    at 0x10A1CD: subString (PES1201700959.c:38)
==886==    by 0x10B249: intal_mod (PES1201700959.c:346)
==886==    by 0x10B896: intal_gcd (PES1201700959.c:461)
==886==    by 0x109A36: main (intal_sampletest_2.c:547)
==886==  Address 0x6515969 is 0 bytes after a block of size 1,001 alloc'd
==886==    at 0x4C2FB0F: malloc (in /usr/lib/valgrind/vgpreload_memcheck-amd64-linux.so)
==886==    by 0x10A195: subString (PES1201700959.c:35)
==886==    by 0x10B249: intal_mod (PES1201700959.c:346)
==886==    by 0x10B896: intal_gcd (PES1201700959.c:461)
==886==    by 0x109A36: main (intal_sampletest_2.c:547)
==886== 

valgrind: m_mallocfree.c:307 (get_bszB_as_is): Assertion 'bszB_lo == bszB_hi' failed.
valgrind: Heap block lo/hi size mismatch: lo = 1072, hi = 1073.
This is probably caused by your program erroneously writing past the
end of a heap block and corrupting heap metadata.  If you fix any
invalid writes reported by Memcheck, this assertion failure will
probably go away.  Please try that before reporting this as a bug.


host stacktrace:
==886==    at 0x5804417A: ??? (in /usr/lib/valgrind/memcheck-amd64-linux)
==886==    by 0x58044294: ??? (in /usr/lib/valgrind/memcheck-amd64-linux)
==886==    by 0x58044419: ??? (in /usr/lib/valgrind/memcheck-amd64-linux)
==886==    by 0x580531EB: ??? (in /usr/lib/valgrind/memcheck-amd64-linux)
==886==    by 0x5800BA44: ??? (in /usr/lib/valgrind/memcheck-amd64-linux)
==886==    by 0x5800BC26: ??? (in /usr/lib/valgrind/memcheck-amd64-linux)
==886==    by 0x5809F705: ??? (in /usr/lib/valgrind/memcheck-amd64-linux)
==886==    by 0x580AECD0: ??? (in /usr/lib/valgrind/memcheck-amd64-linux)

sched status:
  running_tid=1

Thread 1: status = VgTs_Runnable (lwpid 886)
==886==    at 0x4C2FB0F: malloc (in /usr/lib/valgrind/vgpreload_memcheck-amd64-linux.so)
==886==    by 0x10A195: subString (PES1201700959.c:35)
==886==    by 0x10B249: intal_mod (PES1201700959.c:346)
==886==    by 0x10B896: intal_gcd (PES1201700959.c:461)
==886==    by 0x109A36: main (intal_sampletest_2.c:547)


Note: see also the FAQ in the source distribution.
It contains workarounds to several common problems.
In particular, if Valgrind aborted or crashed after
identifying problems in your program, there's a good chance
that fixing those problems will prevent Valgrind aborting or
crashing, especially if it happened in m_mallocfree.c.

If that doesn't help, please report this bug to: www.valgrind.org

In the bug report, send all the above text, the valgrind
version, and what OS and version you are using.  Thanks.

