==411== Memcheck, a memory error detector
==411== Copyright (C) 2002-2017, and GNU GPL'd, by Julian Seward et al.
==411== Using Valgrind-3.13.0 and LibVEX; rerun with -h for copyright info
==411== Command: ./a.out
==411== Parent PID: 145
==411== 
--411-- 
--411-- Valgrind options:
--411--    --leak-check=full
--411--    --log-file=logfile.out
--411--    --track-origins=yes
--411--    -v
--411-- Contents of /proc/version:
--411--   Linux version 4.4.0-18362-Microsoft (Microsoft@Microsoft.com) (gcc version 5.4.0 (GCC) ) #476-Microsoft Fri Nov 01 16:53:00 PST 2019
--411-- 
--411-- Arch and hwcaps: AMD64, LittleEndian, amd64-cx16-lzcnt-rdtscp-sse3-avx-avx2-bmi
--411-- Page sizes: currently 4096, max supported 4096
--411-- Valgrind library directory: /usr/lib/valgrind
--411-- Reading syms from /mnt/c/Users/Adeessh Acharya/Documents/program_files/c/apss/new/Large-Integer-C-library-using-Strings/a.out
--411-- Reading syms from /lib/x86_64-linux-gnu/ld-2.27.so
--411--   Considering /lib/x86_64-linux-gnu/ld-2.27.so ..
--411--   .. CRC mismatch (computed 1b7c895e wanted 2943108a)
--411--   Considering /usr/lib/debug/lib/x86_64-linux-gnu/ld-2.27.so ..
--411--   .. CRC is valid
--411-- Reading syms from /usr/lib/valgrind/memcheck-amd64-linux
--411--   Considering /usr/lib/valgrind/memcheck-amd64-linux ..
--411--   .. CRC mismatch (computed 41ddb025 wanted 9972f546)
--411--    object doesn't have a symbol table
--411--    object doesn't have a dynamic symbol table
--411-- Scheduler: using generic scheduler lock implementation.
--411-- Reading suppressions file: /usr/lib/valgrind/default.supp
==411== embedded gdbserver: reading from /tmp/vgdb-pipe-from-vgdb-to-411-by-roy-on-???
==411== embedded gdbserver: writing to   /tmp/vgdb-pipe-to-vgdb-from-411-by-roy-on-???
==411== embedded gdbserver: shared mem   /tmp/vgdb-pipe-shared-mem-vgdb-411-by-roy-on-???
==411== 
==411== TO CONTROL THIS PROCESS USING vgdb (which you probably
==411== don't want to do, unless you know exactly what you're doing,
==411== or are doing some strange experiment):
==411==   /usr/lib/valgrind/../../bin/vgdb --pid=411 ...command...
==411== 
==411== TO DEBUG THIS PROCESS USING GDB: start GDB like this
==411==   /path/to/gdb ./a.out
==411== and then give GDB the following command
==411==   target remote | /usr/lib/valgrind/../../bin/vgdb --pid=411
==411== --pid is optional if only one valgrind process is running
==411== 
==411== error calling PR_SET_PTRACER, vgdb might block
--411-- REDIR: 0x401f2f0 (ld-linux-x86-64.so.2:strlen) redirected to 0x580608c1 (???)
--411-- REDIR: 0x401f0d0 (ld-linux-x86-64.so.2:index) redirected to 0x580608db (???)
--411-- Reading syms from /usr/lib/valgrind/vgpreload_core-amd64-linux.so
--411--   Considering /usr/lib/valgrind/vgpreload_core-amd64-linux.so ..
--411--   .. CRC mismatch (computed 50df1b30 wanted 4800a4cf)
--411--    object doesn't have a symbol table
--411-- Reading syms from /usr/lib/valgrind/vgpreload_memcheck-amd64-linux.so
--411--   Considering /usr/lib/valgrind/vgpreload_memcheck-amd64-linux.so ..
--411--   .. CRC mismatch (computed f893b962 wanted 95ee359e)
--411--    object doesn't have a symbol table
==411== WARNING: new redirection conflicts with existing -- ignoring it
--411--     old: 0x0401f2f0 (strlen              ) R-> (0000.0) 0x580608c1 ???
--411--     new: 0x0401f2f0 (strlen              ) R-> (2007.0) 0x04c32db0 strlen
--411-- REDIR: 0x401d360 (ld-linux-x86-64.so.2:strcmp) redirected to 0x4c33ee0 (strcmp)
--411-- REDIR: 0x401f830 (ld-linux-x86-64.so.2:mempcpy) redirected to 0x4c374f0 (mempcpy)
--411-- Reading syms from /lib/x86_64-linux-gnu/libc-2.27.so
--411--   Considering /lib/x86_64-linux-gnu/libc-2.27.so ..
--411--   .. CRC mismatch (computed b1c74187 wanted 042cc048)
--411--   Considering /usr/lib/debug/lib/x86_64-linux-gnu/libc-2.27.so ..
--411--   .. CRC is valid
--411-- REDIR: 0x4edac70 (libc.so.6:memmove) redirected to 0x4a2a6e0 (_vgnU_ifunc_wrapper)
--411-- REDIR: 0x4ed9d40 (libc.so.6:strncpy) redirected to 0x4a2a6e0 (_vgnU_ifunc_wrapper)
--411-- REDIR: 0x4edaf50 (libc.so.6:strcasecmp) redirected to 0x4a2a6e0 (_vgnU_ifunc_wrapper)
--411-- REDIR: 0x4ed9790 (libc.so.6:strcat) redirected to 0x4a2a6e0 (_vgnU_ifunc_wrapper)
--411-- REDIR: 0x4ed9d70 (libc.so.6:rindex) redirected to 0x4a2a6e0 (_vgnU_ifunc_wrapper)
--411-- REDIR: 0x4edc7c0 (libc.so.6:rawmemchr) redirected to 0x4a2a6e0 (_vgnU_ifunc_wrapper)
--411-- REDIR: 0x4edade0 (libc.so.6:mempcpy) redirected to 0x4a2a6e0 (_vgnU_ifunc_wrapper)
--411-- REDIR: 0x4edac10 (libc.so.6:bcmp) redirected to 0x4a2a6e0 (_vgnU_ifunc_wrapper)
--411-- REDIR: 0x4ed9d00 (libc.so.6:strncmp) redirected to 0x4a2a6e0 (_vgnU_ifunc_wrapper)
--411-- REDIR: 0x4ed9800 (libc.so.6:strcmp) redirected to 0x4a2a6e0 (_vgnU_ifunc_wrapper)
--411-- REDIR: 0x4edad40 (libc.so.6:memset) redirected to 0x4a2a6e0 (_vgnU_ifunc_wrapper)
--411-- REDIR: 0x4ef80f0 (libc.so.6:wcschr) redirected to 0x4a2a6e0 (_vgnU_ifunc_wrapper)
--411-- REDIR: 0x4ed9ca0 (libc.so.6:strnlen) redirected to 0x4a2a6e0 (_vgnU_ifunc_wrapper)
--411-- REDIR: 0x4ed9870 (libc.so.6:strcspn) redirected to 0x4a2a6e0 (_vgnU_ifunc_wrapper)
--411-- REDIR: 0x4edafa0 (libc.so.6:strncasecmp) redirected to 0x4a2a6e0 (_vgnU_ifunc_wrapper)
--411-- REDIR: 0x4ed9840 (libc.so.6:strcpy) redirected to 0x4a2a6e0 (_vgnU_ifunc_wrapper)
--411-- REDIR: 0x4edb0e0 (libc.so.6:memcpy@@GLIBC_2.14) redirected to 0x4a2a6e0 (_vgnU_ifunc_wrapper)
--411-- REDIR: 0x4ed9da0 (libc.so.6:strpbrk) redirected to 0x4a2a6e0 (_vgnU_ifunc_wrapper)
--411-- REDIR: 0x4ed97c0 (libc.so.6:index) redirected to 0x4a2a6e0 (_vgnU_ifunc_wrapper)
--411-- REDIR: 0x4ed9c70 (libc.so.6:strlen) redirected to 0x4a2a6e0 (_vgnU_ifunc_wrapper)
--411-- REDIR: 0x4ee46c0 (libc.so.6:memrchr) redirected to 0x4a2a6e0 (_vgnU_ifunc_wrapper)
--411-- REDIR: 0x4edaff0 (libc.so.6:strcasecmp_l) redirected to 0x4a2a6e0 (_vgnU_ifunc_wrapper)
--411-- REDIR: 0x4edabe0 (libc.so.6:memchr) redirected to 0x4a2a6e0 (_vgnU_ifunc_wrapper)
--411-- REDIR: 0x4ef8eb0 (libc.so.6:wcslen) redirected to 0x4a2a6e0 (_vgnU_ifunc_wrapper)
--411-- REDIR: 0x4eda050 (libc.so.6:strspn) redirected to 0x4a2a6e0 (_vgnU_ifunc_wrapper)
--411-- REDIR: 0x4edaf20 (libc.so.6:stpncpy) redirected to 0x4a2a6e0 (_vgnU_ifunc_wrapper)
--411-- REDIR: 0x4edaef0 (libc.so.6:stpcpy) redirected to 0x4a2a6e0 (_vgnU_ifunc_wrapper)
--411-- REDIR: 0x4edc7f0 (libc.so.6:strchrnul) redirected to 0x4a2a6e0 (_vgnU_ifunc_wrapper)
--411-- REDIR: 0x4edb040 (libc.so.6:strncasecmp_l) redirected to 0x4a2a6e0 (_vgnU_ifunc_wrapper)
--411-- REDIR: 0x4fca3c0 (libc.so.6:__strrchr_avx2) redirected to 0x4c32730 (rindex)
--411-- REDIR: 0x4ed3070 (libc.so.6:malloc) redirected to 0x4c2faa0 (malloc)
--411-- REDIR: 0x4fca590 (libc.so.6:__strlen_avx2) redirected to 0x4c32cf0 (strlen)
--411-- REDIR: 0x4fa5d60 (libc.so.6:__strcmp_ssse3) redirected to 0x4c33da0 (strcmp)
--411-- REDIR: 0x4ed3950 (libc.so.6:free) redirected to 0x4c30cd0 (free)
--411-- REDIR: 0x4fcaab0 (libc.so.6:__mempcpy_avx_unaligned_erms) redirected to 0x4c37130 (mempcpy)
--411-- REDIR: 0x4fb7950 (libc.so.6:__strcpy_ssse3) redirected to 0x4c32dd0 (strcpy)
--411-- REDIR: 0x4eed9e0 (libc.so.6:__strcat_ssse3) redirected to 0x4c32990 (strcat)
==411== Invalid write of size 1
==411==    at 0x10A1E8: subString (PES1201700959.c:40)
==411==    by 0x10B1B3: intal_multiply (PES1201700959.c:329)
==411==    by 0x10A28B: powFunc (PES1201700959.c:57)
==411==    by 0x10B859: intal_pow (PES1201700959.c:443)
==411==    by 0x109828: main (intal_sampletest_2.c:475)
==411==  Address 0x65072b9 is 0 bytes after a block of size 1,001 alloc'd
==411==    at 0x4C2FB0F: malloc (in /usr/lib/valgrind/vgpreload_memcheck-amd64-linux.so)
==411==    by 0x10A195: subString (PES1201700959.c:35)
==411==    by 0x10B1B3: intal_multiply (PES1201700959.c:329)
==411==    by 0x10A28B: powFunc (PES1201700959.c:57)
==411==    by 0x10B859: intal_pow (PES1201700959.c:443)
==411==    by 0x109828: main (intal_sampletest_2.c:475)
==411== 
==411== Invalid write of size 1
==411==    at 0x4C32E0D: strcpy (in /usr/lib/valgrind/vgpreload_memcheck-amd64-linux.so)
==411==    by 0x10B5AC: intal_mod (PES1201700959.c:394)
==411==    by 0x10B92E: intal_gcd (PES1201700959.c:460)
==411==    by 0x1099BA: main (intal_sampletest_2.c:529)
==411==  Address 0x5e86562 is 0 bytes after a block of size 450 alloc'd
==411==    at 0x4C2FB0F: malloc (in /usr/lib/valgrind/vgpreload_memcheck-amd64-linux.so)
==411==    by 0x10B595: intal_mod (PES1201700959.c:393)
==411==    by 0x10B92E: intal_gcd (PES1201700959.c:460)
==411==    by 0x1099BA: main (intal_sampletest_2.c:529)
==411== 
==411== Invalid read of size 1
==411==    at 0x4C32D04: strlen (in /usr/lib/valgrind/vgpreload_memcheck-amd64-linux.so)
==411==    by 0x10B5B8: intal_mod (PES1201700959.c:396)
==411==    by 0x10B92E: intal_gcd (PES1201700959.c:460)
==411==    by 0x1099BA: main (intal_sampletest_2.c:529)
==411==  Address 0x5e86562 is 0 bytes after a block of size 450 alloc'd
==411==    at 0x4C2FB0F: malloc (in /usr/lib/valgrind/vgpreload_memcheck-amd64-linux.so)
==411==    by 0x10B595: intal_mod (PES1201700959.c:393)
==411==    by 0x10B92E: intal_gcd (PES1201700959.c:460)
==411==    by 0x1099BA: main (intal_sampletest_2.c:529)
==411== 
==411== Invalid read of size 1
==411==    at 0x4C32D04: strlen (in /usr/lib/valgrind/vgpreload_memcheck-amd64-linux.so)
==411==    by 0x10B6E9: intal_mod (PES1201700959.c:411)
==411==    by 0x10B92E: intal_gcd (PES1201700959.c:460)
==411==    by 0x1099BA: main (intal_sampletest_2.c:529)
==411==  Address 0x5e86562 is 0 bytes after a block of size 450 alloc'd
==411==    at 0x4C2FB0F: malloc (in /usr/lib/valgrind/vgpreload_memcheck-amd64-linux.so)
==411==    by 0x10B595: intal_mod (PES1201700959.c:393)
==411==    by 0x10B92E: intal_gcd (PES1201700959.c:460)
==411==    by 0x1099BA: main (intal_sampletest_2.c:529)
==411== 
==411== Invalid read of size 1
==411==    at 0x4C32D04: strlen (in /usr/lib/valgrind/vgpreload_memcheck-amd64-linux.so)
==411==    by 0x10A872: intal_compare (PES1201700959.c:170)
==411==    by 0x10B751: intal_mod (PES1201700959.c:412)
==411==    by 0x10B92E: intal_gcd (PES1201700959.c:460)
==411==    by 0x1099BA: main (intal_sampletest_2.c:529)
==411==  Address 0x5e86562 is 0 bytes after a block of size 450 alloc'd
==411==    at 0x4C2FB0F: malloc (in /usr/lib/valgrind/vgpreload_memcheck-amd64-linux.so)
==411==    by 0x10B595: intal_mod (PES1201700959.c:393)
==411==    by 0x10B92E: intal_gcd (PES1201700959.c:460)
==411==    by 0x1099BA: main (intal_sampletest_2.c:529)
==411== 
==411== Invalid write of size 1
==411==    at 0x10B71B: intal_mod (PES1201700959.c:413)
==411==    by 0x10B92E: intal_gcd (PES1201700959.c:460)
==411==    by 0x1099BA: main (intal_sampletest_2.c:529)
==411==  Address 0x5e86562 is 0 bytes after a block of size 450 alloc'd
==411==    at 0x4C2FB0F: malloc (in /usr/lib/valgrind/vgpreload_memcheck-amd64-linux.so)
==411==    by 0x10B595: intal_mod (PES1201700959.c:393)
==411==    by 0x10B92E: intal_gcd (PES1201700959.c:460)
==411==    by 0x1099BA: main (intal_sampletest_2.c:529)
==411== 
==411== Invalid read of size 1
==411==    at 0x4C32D04: strlen (in /usr/lib/valgrind/vgpreload_memcheck-amd64-linux.so)
==411==    by 0x10A872: intal_compare (PES1201700959.c:170)
==411==    by 0x10B76C: intal_mod (PES1201700959.c:418)
==411==    by 0x10B92E: intal_gcd (PES1201700959.c:460)
==411==    by 0x1099BA: main (intal_sampletest_2.c:529)
==411==  Address 0x5e86562 is 0 bytes after a block of size 450 alloc'd
==411==    at 0x4C2FB0F: malloc (in /usr/lib/valgrind/vgpreload_memcheck-amd64-linux.so)
==411==    by 0x10B595: intal_mod (PES1201700959.c:393)
==411==    by 0x10B92E: intal_gcd (PES1201700959.c:460)
==411==    by 0x1099BA: main (intal_sampletest_2.c:529)
==411== 
==411== Invalid read of size 1
==411==    at 0x4C32E03: strcpy (in /usr/lib/valgrind/vgpreload_memcheck-amd64-linux.so)
==411==    by 0x10B98C: intal_gcd (PES1201700959.c:466)
==411==    by 0x1099BA: main (intal_sampletest_2.c:529)
==411==  Address 0x5e86562 is 0 bytes after a block of size 450 alloc'd
==411==    at 0x4C2FB0F: malloc (in /usr/lib/valgrind/vgpreload_memcheck-amd64-linux.so)
==411==    by 0x10B595: intal_mod (PES1201700959.c:393)
==411==    by 0x10B92E: intal_gcd (PES1201700959.c:460)
==411==    by 0x1099BA: main (intal_sampletest_2.c:529)
==411== 
==411== Invalid write of size 1
==411==    at 0x4C329D8: strcat (in /usr/lib/valgrind/vgpreload_memcheck-amd64-linux.so)
==411==    by 0x10B606: intal_mod (PES1201700959.c:399)
==411==    by 0x10B92E: intal_gcd (PES1201700959.c:460)
==411==    by 0x1099BA: main (intal_sampletest_2.c:529)
==411==  Address 0x64aa536 is 0 bytes after a block of size 438 alloc'd
==411==    at 0x4C2FB0F: malloc (in /usr/lib/valgrind/vgpreload_memcheck-amd64-linux.so)
==411==    by 0x10B595: intal_mod (PES1201700959.c:393)
==411==    by 0x10B92E: intal_gcd (PES1201700959.c:460)
==411==    by 0x1099BA: main (intal_sampletest_2.c:529)
==411== 
==411== Invalid read of size 1
==411==    at 0x4C32D04: strlen (in /usr/lib/valgrind/vgpreload_memcheck-amd64-linux.so)
==411==    by 0x10A872: intal_compare (PES1201700959.c:170)
==411==    by 0x10B334: intal_mod (PES1201700959.c:352)
==411==    by 0x10B92E: intal_gcd (PES1201700959.c:460)
==411==    by 0x1099BA: main (intal_sampletest_2.c:529)
==411==  Address 0x64aa536 is 0 bytes after a block of size 438 alloc'd
==411==    at 0x4C2FB0F: malloc (in /usr/lib/valgrind/vgpreload_memcheck-amd64-linux.so)
==411==    by 0x10B595: intal_mod (PES1201700959.c:393)
==411==    by 0x10B92E: intal_gcd (PES1201700959.c:460)
==411==    by 0x1099BA: main (intal_sampletest_2.c:529)
==411== 
==411== Invalid read of size 1
==411==    at 0x4C32D04: strlen (in /usr/lib/valgrind/vgpreload_memcheck-amd64-linux.so)
==411==    by 0x10A872: intal_compare (PES1201700959.c:170)
==411==    by 0x10B393: intal_mod (PES1201700959.c:359)
==411==    by 0x10B92E: intal_gcd (PES1201700959.c:460)
==411==    by 0x1099BA: main (intal_sampletest_2.c:529)
==411==  Address 0x64aa536 is 0 bytes after a block of size 438 alloc'd
==411==    at 0x4C2FB0F: malloc (in /usr/lib/valgrind/vgpreload_memcheck-amd64-linux.so)
==411==    by 0x10B595: intal_mod (PES1201700959.c:393)
==411==    by 0x10B92E: intal_gcd (PES1201700959.c:460)
==411==    by 0x1099BA: main (intal_sampletest_2.c:529)
==411== 
==411== Invalid read of size 1
==411==    at 0x4C32D04: strlen (in /usr/lib/valgrind/vgpreload_memcheck-amd64-linux.so)
==411==    by 0x10A9EE: intal_diff (PES1201700959.c:205)
==411==    by 0x10B569: intal_mod (PES1201700959.c:389)
==411==    by 0x10B92E: intal_gcd (PES1201700959.c:460)
==411==    by 0x1099BA: main (intal_sampletest_2.c:529)
==411==  Address 0x64aa536 is 0 bytes after a block of size 438 alloc'd
==411==    at 0x4C2FB0F: malloc (in /usr/lib/valgrind/vgpreload_memcheck-amd64-linux.so)
==411==    by 0x10B595: intal_mod (PES1201700959.c:393)
==411==    by 0x10B92E: intal_gcd (PES1201700959.c:460)
==411==    by 0x1099BA: main (intal_sampletest_2.c:529)
==411== 
==411== Invalid read of size 1
==411==    at 0x4C32D04: strlen (in /usr/lib/valgrind/vgpreload_memcheck-amd64-linux.so)
==411==    by 0x10A872: intal_compare (PES1201700959.c:170)
==411==    by 0x10AA13: intal_diff (PES1201700959.c:208)
==411==    by 0x10B569: intal_mod (PES1201700959.c:389)
==411==    by 0x10B92E: intal_gcd (PES1201700959.c:460)
==411==    by 0x1099BA: main (intal_sampletest_2.c:529)
==411==  Address 0x64aa536 is 0 bytes after a block of size 438 alloc'd
==411==    at 0x4C2FB0F: malloc (in /usr/lib/valgrind/vgpreload_memcheck-amd64-linux.so)
==411==    by 0x10B595: intal_mod (PES1201700959.c:393)
==411==    by 0x10B92E: intal_gcd (PES1201700959.c:460)
==411==    by 0x1099BA: main (intal_sampletest_2.c:529)
==411== 
==411== Invalid read of size 1
==411==    at 0x4C32E03: strcpy (in /usr/lib/valgrind/vgpreload_memcheck-amd64-linux.so)
==411==    by 0x10AAD0: intal_diff (PES1201700959.c:221)
==411==    by 0x10B569: intal_mod (PES1201700959.c:389)
==411==    by 0x10B92E: intal_gcd (PES1201700959.c:460)
==411==    by 0x1099BA: main (intal_sampletest_2.c:529)
==411==  Address 0x64aa536 is 0 bytes after a block of size 438 alloc'd
==411==    at 0x4C2FB0F: malloc (in /usr/lib/valgrind/vgpreload_memcheck-amd64-linux.so)
==411==    by 0x10B595: intal_mod (PES1201700959.c:393)
==411==    by 0x10B92E: intal_gcd (PES1201700959.c:460)
==411==    by 0x1099BA: main (intal_sampletest_2.c:529)
==411== 
==411== Invalid write of size 1
==411==    at 0x10A1E8: subString (PES1201700959.c:40)
==411==    by 0x10B2D1: intal_mod (PES1201700959.c:345)
==411==    by 0x10B92E: intal_gcd (PES1201700959.c:460)
==411==    by 0x109A36: main (intal_sampletest_2.c:547)
==411==  Address 0x65eba49 is 0 bytes after a block of size 1,001 alloc'd
==411==    at 0x4C2FB0F: malloc (in /usr/lib/valgrind/vgpreload_memcheck-amd64-linux.so)
==411==    by 0x10A195: subString (PES1201700959.c:35)
==411==    by 0x10B2D1: intal_mod (PES1201700959.c:345)
==411==    by 0x10B92E: intal_gcd (PES1201700959.c:460)
==411==    by 0x109A36: main (intal_sampletest_2.c:547)
==411== 
==411== Invalid read of size 1
==411==    at 0x10A1CA: subString (PES1201700959.c:38)
==411==    by 0x10B2D1: intal_mod (PES1201700959.c:345)
==411==    by 0x10B92E: intal_gcd (PES1201700959.c:460)
==411==    by 0x109A36: main (intal_sampletest_2.c:547)
==411==  Address 0x589b5f9 is 0 bytes after a block of size 1,001 alloc'd
==411==    at 0x4C2FB0F: malloc (in /usr/lib/valgrind/vgpreload_memcheck-amd64-linux.so)
==411==    by 0x10B8C8: intal_gcd (PES1201700959.c:453)
==411==    by 0x109A36: main (intal_sampletest_2.c:547)
==411== 
==411== Invalid write of size 1
==411==    at 0x10A1CD: subString (PES1201700959.c:38)
==411==    by 0x10B2D1: intal_mod (PES1201700959.c:345)
==411==    by 0x10B92E: intal_gcd (PES1201700959.c:460)
==411==    by 0x109A36: main (intal_sampletest_2.c:547)
==411==  Address 0x67a9bc9 is 0 bytes after a block of size 1,001 alloc'd
==411==    at 0x4C2FB0F: malloc (in /usr/lib/valgrind/vgpreload_memcheck-amd64-linux.so)
==411==    by 0x10A195: subString (PES1201700959.c:35)
==411==    by 0x10B2D1: intal_mod (PES1201700959.c:345)
==411==    by 0x10B92E: intal_gcd (PES1201700959.c:460)
==411==    by 0x109A36: main (intal_sampletest_2.c:547)
==411== 

valgrind: m_mallocfree.c:307 (get_bszB_as_is): Assertion 'bszB_lo == bszB_hi' failed.
valgrind: Heap block lo/hi size mismatch: lo = 160, hi = 3834314805724066867.
This is probably caused by your program erroneously writing past the
end of a heap block and corrupting heap metadata.  If you fix any
invalid writes reported by Memcheck, this assertion failure will
probably go away.  Please try that before reporting this as a bug.


host stacktrace:
==411==    at 0x5804417A: ??? (in /usr/lib/valgrind/memcheck-amd64-linux)
==411==    by 0x58044294: ??? (in /usr/lib/valgrind/memcheck-amd64-linux)
==411==    by 0x58044419: ??? (in /usr/lib/valgrind/memcheck-amd64-linux)
==411==    by 0x580531EB: ??? (in /usr/lib/valgrind/memcheck-amd64-linux)
==411==    by 0x5800BA44: ??? (in /usr/lib/valgrind/memcheck-amd64-linux)
==411==    by 0x5800BC26: ??? (in /usr/lib/valgrind/memcheck-amd64-linux)
==411==    by 0x5809F705: ??? (in /usr/lib/valgrind/memcheck-amd64-linux)
==411==    by 0x580AECD0: ??? (in /usr/lib/valgrind/memcheck-amd64-linux)

sched status:
  running_tid=1

Thread 1: status = VgTs_Runnable (lwpid 411)
==411==    at 0x4C2FB0F: malloc (in /usr/lib/valgrind/vgpreload_memcheck-amd64-linux.so)
==411==    by 0x10A195: subString (PES1201700959.c:35)
==411==    by 0x10B2D1: intal_mod (PES1201700959.c:345)
==411==    by 0x10B92E: intal_gcd (PES1201700959.c:460)
==411==    by 0x109A36: main (intal_sampletest_2.c:547)


Note: see also the FAQ in the source distribution.
It contains workarounds to several common problems.
In particular, if Valgrind aborted or crashed after
identifying problems in your program, there's a good chance
that fixing those problems will prevent Valgrind aborting or
crashing, especially if it happened in m_mallocfree.c.

If that doesn't help, please report this bug to: www.valgrind.org

In the bug report, send all the above text, the valgrind
version, and what OS and version you are using.  Thanks.

